<?xml version="1.0" encoding="UTF-8"?>
<!-- Generated by org.testng.reporters.JUnitReportReporter -->
<testsuite hostname="LAPTOP-89T34I0T" failures="0" tests="1" name="com.functional.test.runner.TestngRunner" time="3.461" errors="0" timestamp="2022-02-01T15:30:51 IST" skipped="0">
  <testcase classname="com.functional.test.runner.TestngRunner" name="runScenario" time="3.461"/>
  <system-out/>
</testsuite> <!-- com.functional.test.runner.TestngRunner -->
